<testsuites id="" name="" tests="4" failures="1" skipped="0" errors="0" time="11.543254999999998">
<testsuite name="login.spec.js" timestamp="2025-04-08T08:13:26.045Z" hostname="chromium" tests="4" failures="1" skipped="0" time="24.403" errors="0">
<testcase name="login" classname="login.spec.js" time="6.51">
</testcase>
<testcase name="select" classname="login.spec.js" time="4.639">
</testcase>
<testcase name="dropdowntest" classname="login.spec.js" time="9.293">
</testcase>
<testcase name="login the aplication" classname="login.spec.js" time="3.961">
<failure message="login.spec.js:22:5 login the aplication" type="FAILURE">
<![CDATA[  [chromium] › login.spec.js:22:5 › login the aplication ───────────────────────────────────────────

    TypeError: page.fill(...).click is not a function

      22 | test('login the aplication',async({page})=>{
      23 |     await page.goto('https://www.flipkart.com/');
    > 24 |     await page.fill("//input[@name='q'],'laptops'").click();
         |                                                     ^
      25 | })
        at /Users/basu/Desktop/playwrightautomation/tests/login.spec.js:24:53

    Error: page.fill: value: expected string, got undefined

      22 | test('login the aplication',async({page})=>{
      23 |     await page.goto('https://www.flipkart.com/');
    > 24 |     await page.fill("//input[@name='q'],'laptops'").click();
         |                ^
      25 | })
        at /Users/basu/Desktop/playwrightautomation/tests/login.spec.js:24:16

    attachment #1: video (video/webm) ──────────────────────────────────────────────────────────────
    test-results/login-login-the-aplication-chromium/video.webm
    ────────────────────────────────────────────────────────────────────────────────────────────────
]]>
</failure>
<system-out>
<![CDATA[
[[ATTACHMENT|test-results/login-login-the-aplication-chromium/video.webm]]
]]>
</system-out>
</testcase>
</testsuite>
</testsuites>